2021-08-09 23:24:54,751 - zyc - INFO - 百度首页——搜索:查找('xpath', '//*[@id="kw"]')元素
2021-08-09 23:24:54,752 - zyc - INFO - 等待元素('xpath', '//*[@id="kw"]')元素可见
2021-08-09 23:24:54,815 - zyc - INFO - 百度首页——搜索:元素('xpath', '//*[@id="kw"]')可见，等待结束，等待开始时间：2021-08-09 23:24:54.753561,等待结束时间：2021-08-09 23:24:54.815396,等待时长：0
2021-08-09 23:24:54,816 - zyc - INFO - 百度首页——搜索:('xpath', '//*[@id="kw"]')元素输入内容：中国
2021-08-09 23:24:54,961 - zyc - INFO - 百度首页——搜索:查找('xpath', '//*[@id="su"]')元素
2021-08-09 23:24:54,961 - zyc - INFO - 等待元素('xpath', '//*[@id="su"]')元素可见
2021-08-09 23:24:55,078 - zyc - INFO - 百度首页——搜索:元素('xpath', '//*[@id="su"]')可见，等待结束，等待开始时间：2021-08-09 23:24:54.961007,等待结束时间：2021-08-09 23:24:55.078693,等待时长：0
2021-08-09 23:24:55,078 - zyc - INFO - 百度首页——搜索:点击('xpath', '//*[@id="su"]')元素
2021-08-09 23:42:54,429 - zyc - INFO - 百度首页——搜索:查找('xpath', '//*[@id="kw"]')元素
2021-08-09 23:42:54,430 - zyc - INFO - 等待元素('xpath', '//*[@id="kw"]')元素可见
2021-08-09 23:42:54,485 - zyc - INFO - 百度首页——搜索:元素('xpath', '//*[@id="kw"]')可见，等待结束，等待开始时间：2021-08-09 23:42:54.430039,等待结束时间：2021-08-09 23:42:54.485890,等待时长：0
2021-08-09 23:42:54,486 - zyc - INFO - 百度首页——搜索:('xpath', '//*[@id="kw"]')元素输入内容：中国
2021-08-09 23:42:54,627 - zyc - INFO - 百度首页——搜索:查找('xpath', '//*[@id="su"]')元素
2021-08-09 23:42:54,627 - zyc - INFO - 等待元素('xpath', '//*[@id="su"]')元素可见
2021-08-09 23:42:54,708 - zyc - INFO - 百度首页——搜索:元素('xpath', '//*[@id="su"]')可见，等待结束，等待开始时间：2021-08-09 23:42:54.628507,等待结束时间：2021-08-09 23:42:54.708775,等待时长：0
2021-08-09 23:42:54,708 - zyc - INFO - 百度首页——搜索:点击('xpath', '//*[@id="su"]')元素
2021-08-09 23:44:29,314 - zyc - INFO - 百度首页——搜索:查找('xpath', '//*[@id="kw"]')元素
2021-08-09 23:44:29,316 - zyc - INFO - 等待元素('xpath', '//*[@id="kw"]')元素可见
2021-08-09 23:44:29,376 - zyc - INFO - 百度首页——搜索:元素('xpath', '//*[@id="kw"]')可见，等待结束，等待开始时间：2021-08-09 23:44:29.316226,等待结束时间：2021-08-09 23:44:29.376066,等待时长：0
2021-08-09 23:44:29,376 - zyc - INFO - 百度首页——搜索:('xpath', '//*[@id="kw"]')元素输入内容：中国
2021-08-09 23:44:29,494 - zyc - INFO - 百度首页——搜索:查找('xpath', '//*[@id="su"]')元素
2021-08-09 23:44:29,494 - zyc - INFO - 等待元素('xpath', '//*[@id="su"]')元素可见
2021-08-09 23:44:29,529 - zyc - INFO - 百度首页——搜索:元素('xpath', '//*[@id="su"]')可见，等待结束，等待开始时间：2021-08-09 23:44:29.494749,等待结束时间：2021-08-09 23:44:29.529383,等待时长：0
2021-08-09 23:44:29,545 - zyc - INFO - 百度首页——搜索:点击('xpath', '//*[@id="su"]')元素
